0 info it worked if it ends with ok
1 verbose cli [ '/home/farolan/.nvm/versions/node/v6.9.5/bin/node',
1 verbose cli   '/home/farolan/.nvm/versions/node/v6.9.5/bin/npm',
1 verbose cli   'publish' ]
2 info using npm@3.10.10
3 info using node@v6.9.5
4 verbose publish [ '.' ]
5 silly cache add args [ '.', null ]
6 verbose cache add spec .
7 silly cache add parsed spec Result {
7 silly cache add   raw: '.',
7 silly cache add   scope: null,
7 silly cache add   escapedName: null,
7 silly cache add   name: null,
7 silly cache add   rawSpec: '.',
7 silly cache add   spec: '/home/farolan/prj/firebase/react-firebase',
7 silly cache add   type: 'directory' }
8 verbose addLocalDirectory /home/farolan/.npm/react-firebase/0.1.0/package.tgz not in flight; packing
9 verbose correctMkdir /home/farolan/.npm correctMkdir not in flight; initializing
10 info lifecycle react-firebase@0.1.0~prepublish: react-firebase@0.1.0
11 silly lifecycle react-firebase@0.1.0~prepublish: no script for prepublish, continuing
12 verbose tar pack [ '/home/farolan/.npm/react-firebase/0.1.0/package.tgz',
12 verbose tar pack   '/home/farolan/prj/firebase/react-firebase' ]
13 verbose tarball /home/farolan/.npm/react-firebase/0.1.0/package.tgz
14 verbose folder /home/farolan/prj/firebase/react-firebase
15 verbose addLocalTarball adding from inside cache /home/farolan/.npm/react-firebase/0.1.0/package.tgz
16 verbose correctMkdir /home/farolan/.npm correctMkdir not in flight; initializing
17 silly cache afterAdd react-firebase@0.1.0
18 verbose afterAdd /home/farolan/.npm/react-firebase/0.1.0/package/package.json not in flight; writing
19 verbose correctMkdir /home/farolan/.npm correctMkdir not in flight; initializing
20 verbose afterAdd /home/farolan/.npm/react-firebase/0.1.0/package/package.json written
21 silly publish { name: 'react-firebase',
21 silly publish   version: '0.1.0',
21 silly publish   description: 'Integrates firebase and react',
21 silly publish   main: 'index.js',
21 silly publish   scripts:
21 silly publish    { demo: 'webpack-dev-server --hot --hot-only --config demo/webpack.config.js',
21 silly publish      test: 'mocha -w --require babel-register' },
21 silly publish   author: { name: 'Farolan Faisal' },
21 silly publish   license: 'MIT',
21 silly publish   devDependencies:
21 silly publish    { 'babel-core': '^6.22.1',
21 silly publish      'babel-loader': '^6.2.10',
21 silly publish      'babel-preset-env': '^1.1.8',
21 silly publish      'babel-preset-react': '^6.22.0',
21 silly publish      'babel-register': '^6.22.0',
21 silly publish      chai: '^3.5.0',
21 silly publish      firebase: '^3.6.9',
21 silly publish      firebaseui: '^1.0.0',
21 silly publish      lodash: '^4.17.4',
21 silly publish      mocha: '^3.2.0',
21 silly publish      react: '^15.4.2',
21 silly publish      'react-dom': '^15.4.2',
21 silly publish      'react-hot-loader': '^1.3.1',
21 silly publish      sinon: '^1.17.7',
21 silly publish      webpack: '^2.2.1',
21 silly publish      'webpack-dev-server': '^2.3.0' },
21 silly publish   readme: '# react-firebase\n\nIntegrates react and firebase.\n\n## Installation\n\n```bash\nnpm i -S react-firebase\n```\n## Usage\n\n```js\nconst firebase = require(\'firebase/app\');\nrequire(\'firebase/database\');\n\nconst firemixins = require(\'react-firebase\').firemixins;\n\nReact.createClass({\n\n  mixins: [firemixins.database],\n\n  getInitialState() {\n    return {};\n  },\n\n  componentDidMount() {\n    const db = firebase.database();\n    this.bindAsArray(db.ref(\'/items\'), \'items\');\n    this.bindAsObject(db.ref(\'/options\'), \'options\');\n  },\n\n  render() {\n    const items = this.state.items;\n    const options = this.state.options;\n\n    // TODO: use items and options\n  },\n\n});\n```\n\n## License\nMIT',
21 silly publish   readmeFilename: 'README.md',
21 silly publish   gitHead: 'd7f1173236e2e21f3e88d9591a11d545f480fc0d',
21 silly publish   _id: 'react-firebase@0.1.0',
21 silly publish   _shasum: '7767a899d34a75ecb31ec77ed123283944785633',
21 silly publish   _from: '.' }
22 verbose getPublishConfig undefined
23 silly mapToRegistry name react-firebase
24 silly mapToRegistry using default registry
25 silly mapToRegistry registry https://registry.npmjs.org/
26 silly mapToRegistry data Result {
26 silly mapToRegistry   raw: 'react-firebase',
26 silly mapToRegistry   scope: null,
26 silly mapToRegistry   escapedName: 'react-firebase',
26 silly mapToRegistry   name: 'react-firebase',
26 silly mapToRegistry   rawSpec: '',
26 silly mapToRegistry   spec: 'latest',
26 silly mapToRegistry   type: 'tag' }
27 silly mapToRegistry uri https://registry.npmjs.org/react-firebase
28 verbose publish registryBase https://registry.npmjs.org/
29 silly publish uploading /home/farolan/.npm/react-firebase/0.1.0/package.tgz
30 verbose request uri https://registry.npmjs.org/react-firebase
31 verbose request sending authorization for write operation
32 info attempt registry request try #1 at 4:52:37 PM
33 verbose request using bearer token for auth
34 verbose request id 2b3503d396f74c0d
35 http request PUT https://registry.npmjs.org/react-firebase
36 http 403 https://registry.npmjs.org/react-firebase
37 verbose headers { 'content-type': 'application/json',
37 verbose headers   'cache-control': 'max-age=300',
37 verbose headers   'content-length': '108',
37 verbose headers   'accept-ranges': 'bytes',
37 verbose headers   date: 'Sun, 12 Feb 2017 08:52:40 GMT',
37 verbose headers   via: '1.1 varnish',
37 verbose headers   connection: 'keep-alive',
37 verbose headers   'x-served-by': 'cache-sin6922-SIN',
37 verbose headers   'x-cache': 'MISS',
37 verbose headers   'x-cache-hits': '0',
37 verbose headers   'x-timer': 'S1486889557.399589,VS0,VE3190',
37 verbose headers   vary: 'Accept-Encoding' }
38 verbose request invalidating /home/farolan/.npm/registry.npmjs.org/react-firebase on PUT
39 error publish Failed PUT 403
40 verbose stack Error: you do not have permission to publish "react-firebase". Are you logged in as the correct user? : react-firebase
40 verbose stack     at makeError (/home/farolan/.nvm/versions/node/v6.9.5/lib/node_modules/npm/node_modules/npm-registry-client/lib/request.js:302:12)
40 verbose stack     at CachingRegistryClient.<anonymous> (/home/farolan/.nvm/versions/node/v6.9.5/lib/node_modules/npm/node_modules/npm-registry-client/lib/request.js:290:14)
40 verbose stack     at Request._callback (/home/farolan/.nvm/versions/node/v6.9.5/lib/node_modules/npm/node_modules/npm-registry-client/lib/request.js:210:14)
40 verbose stack     at Request.self.callback (/home/farolan/.nvm/versions/node/v6.9.5/lib/node_modules/npm/node_modules/request/request.js:187:22)
40 verbose stack     at emitTwo (events.js:106:13)
40 verbose stack     at Request.emit (events.js:191:7)
40 verbose stack     at Request.<anonymous> (/home/farolan/.nvm/versions/node/v6.9.5/lib/node_modules/npm/node_modules/request/request.js:1048:10)
40 verbose stack     at emitOne (events.js:96:13)
40 verbose stack     at Request.emit (events.js:188:7)
40 verbose stack     at IncomingMessage.<anonymous> (/home/farolan/.nvm/versions/node/v6.9.5/lib/node_modules/npm/node_modules/request/request.js:969:12)
41 verbose statusCode 403
42 verbose pkgid react-firebase
43 verbose cwd /home/farolan/prj/firebase/react-firebase
44 error Linux 4.4.0-53-generic
45 error argv "/home/farolan/.nvm/versions/node/v6.9.5/bin/node" "/home/farolan/.nvm/versions/node/v6.9.5/bin/npm" "publish"
46 error node v6.9.5
47 error npm  v3.10.10
48 error code E403
49 error you do not have permission to publish "react-firebase". Are you logged in as the correct user? : react-firebase
50 error If you need help, you may report this error at:
50 error     <https://github.com/npm/npm/issues>
51 verbose exit [ 1, true ]
